[debug] [2021-03-17T10:48:13.947Z] ----------------------------------------------------------------------
[debug] [2021-03-17T10:48:13.953Z] Command:       /usr/local/bin/firebase /home/mooventhan/.cache/firebase/tools/lib/node_modules/firebase-tools/lib/bin/firebase init
[debug] [2021-03-17T10:48:13.954Z] CLI Version:   9.5.0
[debug] [2021-03-17T10:48:13.955Z] Platform:      linux
[debug] [2021-03-17T10:48:13.955Z] Node Version:  v12.18.1
[debug] [2021-03-17T10:48:13.995Z] Time:          Wed Mar 17 2021 16:18:13 GMT+0530 (India Standard Time)
[debug] [2021-03-17T10:48:13.995Z] ----------------------------------------------------------------------
[debug] [2021-03-17T10:48:13.995Z] 
[debug] [2021-03-17T10:48:14.047Z] > command requires scopes: ["email","openid","https://www.googleapis.com/auth/cloudplatformprojects.readonly","https://www.googleapis.com/auth/firebase","https://www.googleapis.com/auth/cloud-platform"]
[debug] [2021-03-17T10:48:14.048Z] > authorizing via signed-in user
[info] 
     ######## #### ########  ######## ########     ###     ######  ########
     ##        ##  ##     ## ##       ##     ##  ##   ##  ##       ##
     ######    ##  ########  ######   ########  #########  ######  ######
     ##        ##  ##    ##  ##       ##     ## ##     ##       ## ##
     ##       #### ##     ## ######## ########  ##     ##  ######  ########

You're about to initialize a Firebase project in this directory:

  /home/mooventhan/Desktop/Health Guru/workspace/React JS/todo_app

[info] 
=== Project Setup
[info] 
[info] First, let's associate this project directory with a Firebase project.
[info] You can create multiple project aliases by running firebase use --add, 
[info] but for now we'll just set up a default project.
[info] 
[debug] [2021-03-17T10:48:54.676Z] > refreshing access token with scopes: []
[debug] [2021-03-17T10:48:54.679Z] >>> HTTP REQUEST POST https://www.googleapis.com/oauth2/v3/token  
 <request body omitted>
[debug] [2021-03-17T10:48:55.592Z] <<< HTTP RESPONSE 200 {"date":"Wed, 17 Mar 2021 10:48:55 GMT","expires":"Mon, 01 Jan 1990 00:00:00 GMT","pragma":"no-cache","cache-control":"no-cache, no-store, max-age=0, must-revalidate","content-type":"application/json; charset=utf-8","vary":"X-Origin, Referer, Origin,Accept-Encoding","server":"scaffolding on HTTPServer2","x-xss-protection":"0","x-frame-options":"SAMEORIGIN","x-content-type-options":"nosniff","alt-svc":"h3-29=\":443\"; ma=2592000,h3-T051=\":443\"; ma=2592000,h3-Q050=\":443\"; ma=2592000,h3-Q046=\":443\"; ma=2592000,h3-Q043=\":443\"; ma=2592000,quic=\":443\"; ma=2592000; v=\"46,43\"","accept-ranges":"none","transfer-encoding":"chunked"}
[debug] [2021-03-17T10:48:55.652Z] >>> [apiv2][query] GET https://firebase.googleapis.com/v1beta1/projects pageSize=100
[debug] [2021-03-17T10:48:56.746Z] <<< [apiv2][status] GET https://firebase.googleapis.com/v1beta1/projects 200
[debug] [2021-03-17T10:48:56.747Z] <<< [apiv2][body] GET https://firebase.googleapis.com/v1beta1/projects [omitted]
[info] i  Using project todo-app-28c59 (todo-app) 
[info] 
=== Hosting Setup
[info] 
[info] Your public directory is the folder (relative to your project directory) that
[info] will contain Hosting assets to be uploaded with firebase deploy. If you
[info] have a build process for your assets, use your build's output directory.
[info] 
[debug] [2021-03-17T10:50:14.866Z] >>> [apiv2][query] GET https://www.gstatic.com/firebasejs/releases.json [none]
[debug] [2021-03-17T10:50:15.393Z] <<< [apiv2][status] GET https://www.gstatic.com/firebasejs/releases.json 200
[debug] [2021-03-17T10:50:15.394Z] <<< [apiv2][body] GET https://www.gstatic.com/firebasejs/releases.json {"current":{"version":"8.3.0","browserURL":"https://www.gstatic.com/firebasejs/8.3.0/firebase.js","packageURL":"https://www.gstatic.com/firebasejs/8.3.0/firebase.tgz"},"live":{"version":"8.3","browserURL":"https://www.gstatic.com/firebasejs/live/8.3/firebase.js","packageURL":"https://www.gstatic.com/firebasejs/live/8.3/firebase.tgz"},"components":{"analytics":"https://www.gstatic.com/firebasejs/8.3.0/firebase-analytics.js","app":"https://www.gstatic.com/firebasejs/8.3.0/firebase-app.js","auth":"https://www.gstatic.com/firebasejs/8.3.0/firebase-auth.js","database":"https://www.gstatic.com/firebasejs/8.3.0/firebase-database.js","firestore":"https://www.gstatic.com/firebasejs/8.3.0/firebase-firestore.js","functions":"https://www.gstatic.com/firebasejs/8.3.0/firebase-functions.js","installations":"https://www.gstatic.com/firebasejs/8.3.0/firebase-installations.js","messaging":"https://www.gstatic.com/firebasejs/8.3.0/firebase-messaging.js","storage":"https://www.gstatic.com/firebasejs/8.3.0/firebase-storage.js","performance":"https://www.gstatic.com/firebasejs/8.3.0/firebase-performance.js","remote-config":"https://www.gstatic.com/firebasejs/8.3.0/firebase-remote-config.js","firestore.memory":"https://www.gstatic.com/firebasejs/8.3.0/firebase-firestore.memory.js"}}
[info] ✔  Wrote build/index.html 
[info] 
[info] i  Detected a .git folder at /home/mooventhan 
[info] i  Authorizing with GitHub to upload your service account to a GitHub repository's secrets store. 
[info] 
[info] Visit this URL on this device to log in:
[info] https://github.com/login/oauth/authorize?client_id=89cf50f02ac6aaed3484&state=138911534&redirect_uri=http%3A%2F%2Flocalhost%3A9005&scope=read%3Auser%20repo%20public_repo
[info] 
[info] Waiting for authentication...
[debug] [2021-03-17T10:51:02.357Z] >>> HTTP REQUEST POST https://github.com/login/oauth/access_token  
 {"client_id":"89cf50f02ac6aaed3484","client_secret":"3330d14abc895d9a74d5f17cd7a00711fa2c5bf0","code":"66a08300232cd2b29b1b","redirect_uri":"http://localhost:9005","state":"138911534"}
[debug] [2021-03-17T10:51:04.953Z] <<< HTTP RESPONSE 200 {"server":"GitHub.com","date":"Wed, 17 Mar 2021 10:51:04 GMT","content-type":"application/json; charset=utf-8","transfer-encoding":"chunked","vary":"X-PJAX, Accept-Encoding, Accept, X-Requested-With","etag":"W/\"63a8bebf675b0012238fca7d799885ab\"","cache-control":"max-age=0, private, must-revalidate","strict-transport-security":"max-age=31536000; includeSubdomains; preload","x-frame-options":"deny","x-content-type-options":"nosniff","x-xss-protection":"0","referrer-policy":"origin-when-cross-origin, strict-origin-when-cross-origin","expect-ct":"max-age=2592000, report-uri=\"https://api.github.com/_private/browser/errors\"","content-security-policy":"default-src 'none'; base-uri 'self'; block-all-mixed-content; connect-src 'self' uploads.github.com www.githubstatus.com collector.githubapp.com api.github.com github-cloud.s3.amazonaws.com github-production-repository-file-5c1aeb.s3.amazonaws.com github-production-upload-manifest-file-7fdce7.s3.amazonaws.com github-production-user-asset-6210df.s3.amazonaws.com cdn.optimizely.com logx.optimizely.com/v1/events wss://alive.github.com; font-src github.githubassets.com; form-action 'self' github.com gist.github.com; frame-ancestors 'none'; frame-src render.githubusercontent.com; img-src 'self' data: github.githubassets.com identicons.github.com collector.githubapp.com github-cloud.s3.amazonaws.com secured-user-images.githubusercontent.com/ *.githubusercontent.com; manifest-src 'self'; media-src 'none'; script-src github.githubassets.com; style-src 'unsafe-inline' github.githubassets.com; worker-src github.com/socket-worker-6832eced.js gist.github.com/socket-worker-6832eced.js","x-github-request-id":"CC69:6600:1B1516:1CAD41:6051DF18"}
[debug] [2021-03-17T10:51:05.302Z] >>> [apiv2][query] GET https://api.github.com/user [none]
[debug] [2021-03-17T10:51:06.110Z] <<< [apiv2][status] GET https://api.github.com/user 200
[debug] [2021-03-17T10:51:06.111Z] <<< [apiv2][body] GET https://api.github.com/user {"login":"kmooventhan98","id":46749299,"node_id":"MDQ6VXNlcjQ2NzQ5Mjk5","avatar_url":"https://avatars.githubusercontent.com/u/46749299?v=4","gravatar_id":"","url":"https://api.github.com/users/kmooventhan98","html_url":"https://github.com/kmooventhan98","followers_url":"https://api.github.com/users/kmooventhan98/followers","following_url":"https://api.github.com/users/kmooventhan98/following{/other_user}","gists_url":"https://api.github.com/users/kmooventhan98/gists{/gist_id}","starred_url":"https://api.github.com/users/kmooventhan98/starred{/owner}{/repo}","subscriptions_url":"https://api.github.com/users/kmooventhan98/subscriptions","organizations_url":"https://api.github.com/users/kmooventhan98/orgs","repos_url":"https://api.github.com/users/kmooventhan98/repos","events_url":"https://api.github.com/users/kmooventhan98/events{/privacy}","received_events_url":"https://api.github.com/users/kmooventhan98/received_events","type":"User","site_admin":false,"name":"Mooventhan K","company":null,"blog":"","location":"Pudukkottai","email":null,"hireable":true,"bio":"I am a Fresher. Looking for a career opportunity. Good at fundamentals in web development. Strong in OOP's concepts. Beginner in Native app development.","twitter_username":"kmooventhan98","public_repos":24,"public_gists":0,"followers":0,"following":2,"created_at":"2019-01-16T12:39:37Z","updated_at":"2021-03-16T17:06:18Z","private_gists":0,"total_private_repos":2,"owned_private_repos":2,"disk_usage":27400,"collaborators":1,"two_factor_authentication":false,"plan":{"name":"free","space":976562499,"collaborators":0,"private_repos":10000}}
[info] 
[info] ✔  Success! Logged into GitHub as kmooventhan98 
[info] 
[debug] [2021-03-17T10:55:18.685Z] >>> [apiv2][query] GET https://api.github.com/repos//actions/secrets/public-key type=owner
[debug] [2021-03-17T10:55:26.423Z] <<< [apiv2][status] GET https://api.github.com/repos//actions/secrets/public-key 404
[debug] [2021-03-17T10:55:26.435Z] <<< [apiv2][body] GET https://api.github.com/repos//actions/secrets/public-key {"message":"Not Found","documentation_url":"https://docs.github.com/rest"}
